2023-05-09 14:35:08 [main            ] INFO  com.epam.esm.service.impl.TagServiceImpl - Deleting tag with ID: 1
2023-05-09 14:35:08 [main            ] INFO  com.epam.esm.service.impl.TagServiceImpl - Failed to find tag with id: 1. 
2023-05-09 14:35:08 [main            ] INFO  com.epam.esm.service.impl.TagServiceImpl - Finding all tags
2023-05-09 14:35:08 [main            ] INFO  com.epam.esm.service.impl.TagServiceImpl - Inserting tag: TagDto(id=1, name=tag 1)
2023-05-09 14:35:08 [main            ] INFO  com.epam.esm.service.impl.TagServiceImpl - Updating tag: TagDto(id=1, name=tag 1)
2023-05-09 14:35:08 [main            ] ERROR com.epam.esm.service.impl.TagServiceImpl - Failed to update TagDto(id=1, name=tag 1). null
2023-05-09 14:35:08 [main            ] INFO  com.epam.esm.service.impl.TagServiceImpl - Deleting tag with ID: 1
2023-05-09 14:35:08 [main            ] ERROR com.epam.esm.service.impl.TagServiceImpl - Failed to delete 1. null
2023-05-09 14:35:08 [main            ] INFO  com.epam.esm.service.impl.TagServiceImpl - Finding tag by ID: 1
2023-05-09 14:35:08 [main            ] INFO  com.epam.esm.service.impl.TagServiceImpl - Finding tag by ID: 1
2023-05-09 14:35:08 [main            ] INFO  com.epam.esm.service.impl.TagServiceImpl - Failed to find tag with id: 1. 
2023-05-09 14:35:08 [main            ] INFO  com.epam.esm.service.impl.TagServiceImpl - Finding tag by ID: 1
2023-05-09 14:35:08 [main            ] ERROR com.epam.esm.service.impl.TagServiceImpl - Failed to find tag with id: 1. null
2023-05-09 14:35:08 [main            ] INFO  com.epam.esm.service.impl.TagServiceImpl - Updating tag: TagDto(id=1, name=tag 1)
2023-05-09 14:35:08 [main            ] INFO  com.epam.esm.service.impl.TagServiceImpl - Failed to find tag with id: 1. 
2023-05-09 14:35:08 [main            ] INFO  com.epam.esm.service.impl.TagServiceImpl - Deleting tag with ID: 1
2023-05-09 14:35:08 [main            ] INFO  com.epam.esm.service.impl.TagServiceImpl - Finding all tags
2023-05-09 14:35:08 [main            ] ERROR com.epam.esm.service.impl.TagServiceImpl - Failed to find tags. null
2023-05-09 14:35:08 [main            ] INFO  com.epam.esm.service.impl.TagServiceImpl - Inserting tag: TagDto(id=1, name=tag 1)
2023-05-09 14:35:08 [main            ] ERROR com.epam.esm.service.impl.TagServiceImpl - Failed to insert tag TagDto(id=1, name=tag 1). null
2023-05-09 14:35:08 [main            ] INFO  com.epam.esm.service.impl.TagServiceImpl - Updating tag: TagDto(id=1, name=tag 1)
